CS240: lab6. cs240 Tue Mar 31 00:09:52 EDT 2015  Total:  0 of 12

CS240: lab6. cs240 Tue Mar 31 00:10:08 EDT 2015  Total:  12 of 12

CS240: lab6. cs240 Tue Mar 31 00:11:07 EDT 2015  Total:  0 of 12

CS240: lab6. cs240 Tue Mar 31 00:11:39 EDT 2015  Total:  0 of 12

CS240: lab6. cs240 Tue Mar 31 00:13:58 EDT 2015  Total:  0 of 12

CS240: lab6. cs240 Mon Apr 13 14:14:57 EDT 2015  Total:  0 of 62

CS240: lab10. cs240 Sun Apr 2 19:37:56 EDT 2017  Total:  0 of 50

CS240: lab10. cs240 Sun Apr 2 19:40:33 EDT 2017  Total:  0 of 50

CS240: lab10. ptpraja Thu Nov 23 01:38:06 EST 2017  Total:  0 of 50

CS240: lab10. ptpraja Thu Nov 23 02:39:13 EST 2017  Total:  0 of 50

CS240: lab10. ptpraja Thu Nov 23 02:46:42 EST 2017  Total:  0 of 50

CS240: lab10. ptpraja Thu Nov 23 05:04:43 EST 2017  Total:  5 of 50

CS240: lab10. ptpraja Thu Nov 23 05:23:19 EST 2017  Total:  5 of 50

CS240: lab10. ptpraja Thu Nov 23 05:37:35 EST 2017  Total:  15 of 50

CS240: lab10. ptpraja Thu Nov 23 05:46:34 EST 2017  Total:  15 of 50

CS240: lab10. ptpraja Thu Nov 23 05:52:08 EST 2017  Total:  20 of 50

CS240: lab10. ptpraja Thu Nov 23 06:36:12 EST 2017  Total:  15 of 50

CS240: lab10. ptpraja Thu Nov 23 06:38:53 EST 2017  Total:  20 of 50

CS240: lab10. ptpraja Thu Nov 23 08:50:02 EST 2017  Total:  20 of 50

CS240: lab10. ptpraja Thu Nov 23 08:52:36 EST 2017  Total:  20 of 50

CS240: lab10. ptpraja Thu Nov 23 08:57:07 EST 2017  Total:  20 of 50

CS240: lab10. ptpraja Thu Nov 23 09:00:27 EST 2017  Total:  20 of 50

CS240: lab10. ptpraja Thu Nov 23 09:16:12 EST 2017  Total:  20 of 50

CS240: lab10. ptpraja Thu Nov 23 09:20:33 EST 2017  Total:  20 of 50

CS240: lab10. ptpraja Thu Nov 23 09:27:55 EST 2017  Total:  20 of 50

CS240: lab10. ptpraja Thu Nov 23 09:42:16 EST 2017  Total:  20 of 50

CS240: lab10. ptpraja Thu Nov 23 09:45:59 EST 2017  Total:  20 of 50

CS240: lab10. ptpraja Thu Nov 23 09:48:31 EST 2017  Total:  20 of 50

CS240: lab10. ptpraja Thu Nov 23 10:10:56 EST 2017  Total:  20 of 50

CS240: lab10. ptpraja Thu Nov 23 10:12:18 EST 2017  Total:  20 of 50

CS240: lab10. ptpraja Thu Nov 23 10:35:16 EST 2017  Total:  20 of 50

CS240: lab10. ptpraja Thu Nov 23 10:45:44 EST 2017  Total:  20 of 50

CS240: lab10. ptpraja Thu Nov 23 10:48:33 EST 2017  Total:  20 of 50

CS240: lab10. ptpraja Thu Nov 23 10:51:35 EST 2017  Total:  20 of 50

CS240: lab10. ptpraja Thu Nov 23 10:54:24 EST 2017  Total:  20 of 50

CS240: lab10. ptpraja Thu Nov 23 11:20:44 EST 2017  Total:  20 of 50

CS240: lab10. ptpraja Thu Nov 23 11:25:46 EST 2017  Total:  20 of 50

CS240: lab10. ptpraja Thu Nov 23 11:29:16 EST 2017  Total:  20 of 50

CS240: lab10. ptpraja Thu Nov 23 15:22:57 EST 2017  Total:  20 of 50

CS240: lab10. ptpraja Thu Nov 23 15:42:20 EST 2017  Total:  20 of 50

CS240: lab10. ptpraja Thu Nov 23 15:44:54 EST 2017  Total:  20 of 50

CS240: lab10. ptpraja Thu Nov 23 15:47:10 EST 2017  Total:  20 of 50

CS240: lab10. ptpraja Thu Nov 23 15:53:40 EST 2017  Total:  20 of 50

CS240: lab10. ptpraja Thu Nov 23 15:57:27 EST 2017  Total:  20 of 50

CS240: lab10. ptpraja Thu Nov 23 16:10:01 EST 2017  Total:  20 of 50

CS240: lab10. ptpraja Thu Nov 23 16:11:45 EST 2017  Total:  30 of 50

CS240: lab10. ptpraja Thu Nov 23 16:14:15 EST 2017  Total:  30 of 50

CS240: lab10. ptpraja Thu Nov 23 16:19:38 EST 2017  Total:  20 of 50

CS240: lab10. ptpraja Thu Nov 23 16:19:38 EST 2017  Total:  20 of 50

CS240: lab10. ptpraja Thu Nov 23 16:20:11 EST 2017  Total:  10 of 50

CS240: lab10. ptpraja Thu Nov 23 16:21:25 EST 2017  Total:  35 of 50

CS240: lab10. ptpraja Thu Nov 23 16:24:58 EST 2017  Total:  35 of 50

CS240: lab10. ptpraja Thu Nov 23 16:28:18 EST 2017  Total:  35 of 50

CS240: lab10. ptpraja Thu Nov 23 16:30:09 EST 2017  Total:  40 of 50

CS240: lab10. ptpraja Thu Nov 23 16:38:13 EST 2017  Total:  10 of 50

CS240: lab10. ptpraja Thu Nov 23 16:41:56 EST 2017  Total:  10 of 50

CS240: lab10. ptpraja Thu Nov 23 16:49:44 EST 2017  Total:  10 of 50

CS240: lab10. ptpraja Thu Nov 23 16:54:20 EST 2017  Total:  10 of 50

CS240: lab10. ptpraja Thu Nov 23 16:57:06 EST 2017  Total:  10 of 50

CS240: lab10. ptpraja Thu Nov 23 17:07:53 EST 2017  Total:  40 of 50

CS240: lab10. ptpraja Thu Nov 23 17:14:40 EST 2017  Total:  10 of 50

CS240: lab10. ptpraja Thu Nov 23 17:17:03 EST 2017  Total:  10 of 50

CS240: lab10. ptpraja Thu Nov 23 17:19:38 EST 2017  Total:  40 of 50

CS240: lab10. ptpraja Thu Nov 23 17:25:44 EST 2017  Total:  10 of 50

CS240: lab10. ptpraja Thu Nov 23 17:31:24 EST 2017  Total:  10 of 50

CS240: lab10. ptpraja Thu Nov 23 17:33:54 EST 2017  Total:  10 of 50

CS240: lab10. ptpraja Thu Nov 23 17:36:04 EST 2017  Total:  10 of 50

CS240: lab10. ptpraja Thu Nov 23 17:42:40 EST 2017  Total:  10 of 50

CS240: lab10. ptpraja Thu Nov 23 17:43:59 EST 2017  Total:  10 of 50

CS240: lab10. ptpraja Thu Nov 23 17:46:39 EST 2017  Total:  10 of 50

CS240: lab10. ptpraja Thu Nov 23 17:48:28 EST 2017  Total:  10 of 50

CS240: lab10. ptpraja Thu Nov 23 18:04:52 EST 2017  Total:  10 of 50

CS240: lab10. ptpraja Thu Nov 23 18:13:14 EST 2017  Total:  10 of 50

CS240: lab10. ptpraja Thu Nov 23 18:19:39 EST 2017  Total:  40 of 50

CS240: lab10. ptpraja Thu Nov 23 18:23:06 EST 2017  Total:  40 of 50

CS240: lab10. ptpraja Thu Nov 23 18:52:53 EST 2017  Total:  40 of 50

CS240: lab10. ptpraja Mon Nov 27 10:58:28 EST 2017  Total:  40 of 50

CS240: lab10. ptpraja Mon Nov 27 11:18:00 EST 2017  Total:  40 of 50

CS240: lab10. ptpraja Mon Nov 27 13:28:19 EST 2017  Total:  30 of 50

CS240: lab10. ptpraja Mon Nov 27 13:31:51 EST 2017  Total:  30 of 50

CS240: lab10. ptpraja Mon Nov 27 14:02:12 EST 2017  Total:  25 of 50

CS240: lab10. ptpraja Mon Nov 27 14:11:08 EST 2017  Total:  25 of 50

CS240: lab10. ptpraja Mon Nov 27 14:18:32 EST 2017  Total:  25 of 50

CS240: lab10. ptpraja Mon Nov 27 14:21:16 EST 2017  Total:  30 of 50

CS240: lab10. ptpraja Mon Nov 27 14:27:46 EST 2017  Total:  25 of 50

CS240: lab10. ptpraja Mon Nov 27 14:29:39 EST 2017  Total:  30 of 50

CS240: lab10. ptpraja Mon Nov 27 14:32:42 EST 2017  Total:  30 of 50

CS240: lab10. ptpraja Mon Nov 27 14:34:45 EST 2017  Total:  30 of 50

CS240: lab10. ptpraja Mon Nov 27 14:39:52 EST 2017  Total:  30 of 50

CS240: lab10. ptpraja Mon Nov 27 14:43:01 EST 2017  Total:  30 of 50

CS240: lab10. ptpraja Mon Nov 27 14:49:59 EST 2017  Total:  30 of 50

CS240: lab10. ptpraja Tue Nov 28 00:17:43 EST 2017  Total:  25 of 50

CS240: lab10. ptpraja Tue Nov 28 00:20:35 EST 2017  Total:  30 of 50

CS240: lab10. ptpraja Tue Nov 28 00:29:36 EST 2017  Total:  35 of 50

CS240: lab10. ptpraja Tue Nov 28 00:38:37 EST 2017  Total:  35 of 50

CS240: lab10. ptpraja Tue Nov 28 00:40:08 EST 2017  Total:  30 of 50

CS240: lab10. ptpraja Tue Nov 28 00:42:08 EST 2017  Total:  35 of 50

CS240: lab10. ptpraja Tue Nov 28 00:44:47 EST 2017  Total:  30 of 50

CS240: lab10. ptpraja Tue Nov 28 00:46:45 EST 2017  Total:  35 of 50

CS240: lab10. ptpraja Tue Nov 28 00:51:49 EST 2017  Total:  35 of 50

CS240: lab10. ptpraja Tue Nov 28 00:54:54 EST 2017  Total:  30 of 50

CS240: lab10. ptpraja Tue Nov 28 00:56:49 EST 2017  Total:  40 of 50

CS240: lab10. ptpraja Tue Nov 28 01:09:40 EST 2017  Total:  40 of 50

CS240: lab10. ptpraja Tue Nov 28 01:11:40 EST 2017  Total:  40 of 50

CS240: lab10. ptpraja Tue Nov 28 01:18:30 EST 2017  Total:  40 of 50

CS240: lab10. ptpraja Tue Nov 28 01:25:49 EST 2017  Total:  45 of 50

CS240: lab10. ptpraja Tue Nov 28 11:37:45 EST 2017  Total:  45 of 50

CS240: lab10. ptpraja Tue Nov 28 11:43:33 EST 2017  Total:  45 of 50

CS240: lab10. ptpraja Tue Nov 28 11:58:55 EST 2017  Total:  30 of 50

CS240: lab10. ptpraja Tue Nov 28 12:04:54 EST 2017  Total:  45 of 50

CS240: lab10. ptpraja Tue Nov 28 12:11:08 EST 2017  Total:  25 of 50

CS240: lab10. ptpraja Tue Nov 28 12:13:49 EST 2017  Total:  45 of 50

CS240: lab10. ptpraja Tue Nov 28 12:18:03 EST 2017  Total:  50 of 50

CS240: lab10. ptpraja Thu Dec 7 23:17:31 EST 2017  Total:  50 of 50

CS240: lab10. ptpraja Fri Dec 8 03:44:27 EST 2017  Total:  50 of 50

CS240: lab10. ptpraja Fri Dec 8 14:22:23 EST 2017  Total:  50 of 50

